<?xml version="1.0" encoding="UTF-8"?>
<testng-results ignored="0" total="1" passed="1" failed="0" skipped="0">
  <reporter-output>
  </reporter-output>
  <suite started-at="2024-11-26T18:10:05 EET" name="Default suite" finished-at="2024-11-26T18:10:26 EET" duration-ms="20649">
    <groups>
    </groups>
    <test started-at="2024-11-26T18:10:05 EET" name="Default test" finished-at="2024-11-26T18:10:26 EET" duration-ms="20649">
      <class name="MyTestCases">
        <test-method is-config="true" signature="setup()[pri:0, instance:MyTestCases@5023bb8b]" started-at="2024-11-26T18:10:05 EET" name="setup" finished-at="2024-11-26T18:10:05 EET" duration-ms="10" status="PASS">
          <reporter-output>
          </reporter-output>
        </test-method> <!-- setup -->
        <test-method is-config="true" signature="beforeEachTest()[pri:0, instance:MyTestCases@5023bb8b]" started-at="2024-11-26T18:10:05 EET" name="beforeEachTest" finished-at="2024-11-26T18:10:23 EET" duration-ms="17374" status="PASS">
          <reporter-output>
          </reporter-output>
        </test-method> <!-- beforeEachTest -->
        <test-method signature="addTwoNumbers()[pri:1, instance:MyTestCases@5023bb8b]" started-at="2024-11-26T18:10:23 EET" name="addTwoNumbers" finished-at="2024-11-26T18:10:26 EET" duration-ms="3235" status="PASS">
          <reporter-output>
          </reporter-output>
        </test-method> <!-- addTwoNumbers -->
      </class> <!-- MyTestCases -->
    </test> <!-- Default test -->
  </suite> <!-- Default suite -->
</testng-results>
